<?xml version="1.0" encoding="UTF-8"?>
<!-- Generated by org.testng.reporters.JUnitReportReporter -->
<testsuite hostname="L-C5S7152" name="com.snapdeal.automation.TestNGClass" tests="1" failures="0" timestamp="5 Jan 2016 09:47:21 GMT" time="0.001" errors="0">
  <testcase name="testMethod" time="0.001" classname="com.snapdeal.automation.TestNGClass"/>
</testsuite> <!-- com.snapdeal.automation.TestNGClass -->
